0 info it worked if it ends with ok
1 verbose cli [ 'd:\\Program Files\\nodejs\\node.exe',
1 verbose cli   'd:\\Program Files\\nodejs\\node_modules\\npm\\bin\\npm-cli.js',
1 verbose cli   'install',
1 verbose cli   'body-parse',
1 verbose cli   '--save' ]
2 info using npm@1.4.28
3 info using node@v0.10.32
4 verbose readDependencies using package.json deps
5 verbose cache add [ 'body-parse', null ]
6 verbose cache add name=undefined spec="body-parse" args=["body-parse",null]
7 verbose parsed url { protocol: null,
7 verbose parsed url   slashes: null,
7 verbose parsed url   auth: null,
7 verbose parsed url   host: null,
7 verbose parsed url   port: null,
7 verbose parsed url   hostname: null,
7 verbose parsed url   hash: null,
7 verbose parsed url   search: null,
7 verbose parsed url   query: null,
7 verbose parsed url   pathname: 'body-parse',
7 verbose parsed url   path: 'body-parse',
7 verbose parsed url   href: 'body-parse' }
8 silly lockFile 0c0fa7c3-body-parse body-parse
9 verbose lock body-parse C:\Users\xjj-01\AppData\Roaming\npm-cache\0c0fa7c3-body-parse.lock
10 silly lockFile 0c0fa7c3-body-parse body-parse
11 silly lockFile 0c0fa7c3-body-parse body-parse
12 verbose addNamed [ 'body-parse', '' ]
13 verbose addNamed [ null, '*' ]
14 silly lockFile de7bf0d8-body-parse body-parse@
15 verbose lock body-parse@ C:\Users\xjj-01\AppData\Roaming\npm-cache\de7bf0d8-body-parse.lock
16 silly addNameRange { name: 'body-parse', range: '*', hasData: false }
17 verbose request where is /body-parse
18 verbose request registry https://registry.npmjs.org/
19 verbose request id 9a13749056789f86
20 verbose url raw /body-parse
21 verbose url resolving [ 'https://registry.npmjs.org/', './body-parse' ]
22 verbose url resolved https://registry.npmjs.org/body-parse
23 verbose request where is https://registry.npmjs.org/body-parse
24 info trying registry request attempt 1 at 17:15:31
25 http GET https://registry.npmjs.org/body-parse
26 http 404 https://registry.npmjs.org/body-parse
27 verbose headers { date: 'Wed, 29 Oct 2014 09:16:07 GMT',
27 verbose headers   server: 'CouchDB/1.5.0 (Erlang OTP/R16B03)',
27 verbose headers   'content-type': 'application/json',
27 verbose headers   'cache-control': 'max-age=0',
27 verbose headers   'content-length': '52',
27 verbose headers   'accept-ranges': 'bytes',
27 verbose headers   via: '1.1 varnish',
27 verbose headers   age: '0',
27 verbose headers   'x-served-by': 'cache-ty67-TYO',
27 verbose headers   'x-cache': 'MISS',
27 verbose headers   'x-cache-hits': '0',
27 verbose headers   'x-timer': 'S1414574166.890206,VS0,VE187',
27 verbose headers   'keep-alive': 'timeout=10, max=50',
27 verbose headers   connection: 'Keep-Alive' }
28 silly registry.get cb [ 404,
28 silly registry.get   { date: 'Wed, 29 Oct 2014 09:16:07 GMT',
28 silly registry.get     server: 'CouchDB/1.5.0 (Erlang OTP/R16B03)',
28 silly registry.get     'content-type': 'application/json',
28 silly registry.get     'cache-control': 'max-age=0',
28 silly registry.get     'content-length': '52',
28 silly registry.get     'accept-ranges': 'bytes',
28 silly registry.get     via: '1.1 varnish',
28 silly registry.get     age: '0',
28 silly registry.get     'x-served-by': 'cache-ty67-TYO',
28 silly registry.get     'x-cache': 'MISS',
28 silly registry.get     'x-cache-hits': '0',
28 silly registry.get     'x-timer': 'S1414574166.890206,VS0,VE187',
28 silly registry.get     'keep-alive': 'timeout=10, max=50',
28 silly registry.get     connection: 'Keep-Alive' } ]
29 silly lockFile de7bf0d8-body-parse body-parse@
30 silly lockFile de7bf0d8-body-parse body-parse@
31 error 404 404 Not Found: body-parse
31 error 404
31 error 404 'body-parse' is not in the npm registry.
31 error 404 You should bug the author to publish it
31 error 404 It was specified as a dependency of 'reimal'
31 error 404
31 error 404 Note that you can also install from a
31 error 404 tarball, folder, or http url, or git url.
32 error System Windows_NT 6.2.9200
33 error command "d:\\Program Files\\nodejs\\node.exe" "d:\\Program Files\\nodejs\\node_modules\\npm\\bin\\npm-cli.js" "install" "body-parse" "--save"
34 error cwd d:\nodejs\reimal
35 error node -v v0.10.32
36 error npm -v 1.4.28
37 error code E404
38 verbose exit [ 1, true ]
